2024-11-01T09:24:21.667Z [[32MINFO[39M]: Incoming request GET / - Request ID: 67c8b98d-23f7-4c4d-866c-6f6910f90872
2024-11-01T09:24:21.762Z [[32MINFO[39M]: Incoming request GET /favicon.ico - Request ID: f3a4c592-3608-4766-a88c-f9d1db7b78f9
2024-11-01T09:24:32.784Z [[32MINFO[39M]: Incoming request GET / - Request ID: 5085056a-8b48-44a6-bb0f-58ac90cb9d93
2024-11-01T09:24:32.839Z [[32MINFO[39M]: Incoming request GET /favicon.ico - Request ID: 2604bf58-7747-4aab-a38c-896f9ca40e1b
2024-11-01T09:26:07.480Z [[32MINFO[39M]: Incoming request GET / - Request ID: 484cd350-31dc-4389-acac-0a662271dbc8
2024-11-01T09:26:07.545Z [[32MINFO[39M]: Incoming request GET /favicon.ico - Request ID: 05a27fce-cb1b-48ca-8b3d-277a62b5fdce
2024-11-01T09:28:29.625Z [[32MINFO[39M]: Incoming request GET / - Request ID: 0cb5ce03-36cf-478c-9c19-01cf85ca1568
2024-11-01T09:28:58.860Z [[32MINFO[39M]: Incoming request GET / - Request ID: fad27a43-1702-40af-9f9d-ae5abfb48a96
2024-11-01T09:31:53.437Z [[32MINFO[39M]: Incoming request GET / - Request ID: 8b6c5e3c-ec0f-4c84-8905-583174937a4c
2024-11-01T09:31:53.448Z [[32MINFO[39M]: Fetching deliveries from the database
2024-11-01T09:31:53.497Z [[33MWARN[39M]: No deliveries found
2024-11-01T09:35:36.640Z [[32MINFO[39M]: Incoming request GET / - Request ID: 6d645758-3502-4b09-bd0e-4542ff01cdc3
2024-11-01T09:35:36.648Z [[32MINFO[39M]: Fetching deliveries from the database
2024-11-01T09:35:36.678Z [[33MWARN[39M]: No deliveries found
2024-11-01T09:36:27.848Z [[32MINFO[39M]: Incoming request GET / - Request ID: a352a2cc-41d6-48b0-b64c-a2eabf246f04
2024-11-01T09:36:27.856Z [[32MINFO[39M]: Fetching deliveries from the database
2024-11-01T09:36:27.890Z [[33MWARN[39M]: No deliveries found
2024-11-01T09:36:32.280Z [[32MINFO[39M]: Incoming request GET / - Request ID: 1ae2840f-2c44-42f8-807b-d2525a5a3019
2024-11-01T09:36:32.282Z [[32MINFO[39M]: Fetching deliveries from the database
2024-11-01T09:36:32.302Z [[33MWARN[39M]: No deliveries found
2024-11-01T09:38:53.135Z [[32MINFO[39M]: Incoming request GET / - Request ID: 5dc8e272-34fd-4429-8f15-e36d4f51f4f0
2024-11-01T09:38:53.143Z [[32MINFO[39M]: Fetching deliveries from the database
2024-11-01T09:38:53.178Z [[33MWARN[39M]: No deliveries found
2024-11-01T09:41:02.398Z [[32MINFO[39M]: Incoming request GET / - Request ID: 739b68e7-5040-420b-8952-2be3ac5cb245
2024-11-01T09:41:02.400Z [[32MINFO[39M]: Fetching deliveries from the database
2024-11-01T09:41:02.424Z [[33MWARN[39M]: No deliveries found
2024-11-01T09:41:02.495Z [[32MINFO[39M]: Incoming request GET /favicon.ico - Request ID: c2e980f4-74a4-4ec6-83d7-4cfd93d5e514
2024-11-01T09:41:08.042Z [[32MINFO[39M]: Incoming request GET / - Request ID: 196f140f-651f-41b4-abe4-763da3d40ad8
2024-11-01T09:41:08.043Z [[32MINFO[39M]: Fetching deliveries from the database
2024-11-01T09:41:08.063Z [[33MWARN[39M]: No deliveries found
2024-11-01T10:08:04.224Z [[32MINFO[39M]: Incoming request GET / - Request ID: 26c1c20d-5f16-410a-870a-073d975cd156
2024-11-01T10:08:04.236Z [[32MINFO[39M]: Fetching deliveries from the database
2024-11-01T10:14:13.213Z [[32MINFO[39M]: Incoming request GET / - Request ID: 4bc5f691-ba7b-4859-949e-8a61c8e33095
2024-11-01T10:14:13.221Z [[32MINFO[39M]: Fetching deliveries from the database
2024-11-01T10:27:00.258Z [[32MINFO[39M]: Incoming request GET / - Request ID: 5c45731c-8da3-4e22-9758-45bf2ec11094
2024-11-01T10:27:00.267Z [[32MINFO[39M]: Fetching deliveries from the database
2024-11-01 11:29:43 info: Incoming request GET / - Request ID: 3f15644d-02b4-4ab9-b47a-7bc3d3679d20
2024-11-01 11:29:43 info: Fetching deliveries from the database
2024-11-01 11:30:54 info: Incoming request GET / - Request ID: 66d6def1-e5d8-4aab-8ece-0a2edc8d8724
2024-11-01 11:30:54 info: Fetching deliveries from the database
2024-11-01 11:31:19 info: Incoming request GET / - Request ID: 74af51b3-2561-441b-a0d0-2a2018c0679f
2024-11-01 11:31:19 info: Fetching deliveries from the database
2024-11-01 13:34:40 info: Incoming request GET /api-doc - Request ID: ef52484b-ab3f-4a3f-91aa-76ced5515251
2024-11-01 13:34:42 info: Incoming request GET /api-doc - Request ID: cd9b5b7f-eae7-4689-962a-63974248f9bd
2024-11-01 13:34:54 info: Incoming request GET /deliveries/api-doc - Request ID: 39ed7b71-8dac-4dd0-bb93-51ca4c3cd9be
2024-11-01 13:34:54 error: Error fetching delivery: Cast to ObjectId failed for value "api-doc" (type string) at path "_id" for model "deliveries"
2024-11-01 13:34:54 info: Incoming request GET /favicon.ico - Request ID: 60bcc10f-a22a-4a79-94c3-ad0b3cf3829c
